[handleMsg]:  {
  key: {
    remoteJid: '573026676033@s.whatsapp.net',
    fromMe: false,
    id: '7ED69A14F02BDA542CB64CC0B0C24FCA',
    participant: undefined
  },
  messageTimestamp: 1726596584,
  pushName: 'Elver Tique',
  broadcast: false,
  message: Message {
    conversation: '9',
    messageContextInfo: MessageContextInfo {
      deviceListMetadata: [DeviceListMetadata],
      deviceListMetadataVersion: 2,
      messageSecret: [Uint8Array]
    }
  },
  body: '9',
  from: '573026676033'
}
[QUEUE_SE_ENVIO]:  {
  ref: 'ans_a53572e3-b83c-4ffd-a46a-a6f3cff60574',
  keyword: 'key_12c5b0cc-a700-4ef3-b4c1-b21bf0a3bf71',
  answer: ' *Canales de Comunicaci贸n*\n' +
    '\n' +
    'Te comparto nuestros canales de comunicaci贸n para brindarte una mejor atenci贸n:\n' +
    '\n' +
    'Selecciona una *Opci贸n*:\n' +
    '\n' +
    '1锔 *rea Comercial*\n' +
    '2锔 *Contabilidad*\n' +
    '3锔 *rea Administrativa*\n' +
    '4锔 *Gesti贸n Ambiental*\n' +
    '5锔 *Atenci贸n al Cliente*\n' +
    '6锔 *PQR*\n' +
    '7锔 *Cat谩logo*\n' +
    '\n' +
    '锔 Escribe el n煤mero correspondiente para continuar.',
  options: {
    media: null,
    buttons: [],
    capture: true,
    child: null,
    delay: 0,
    idle: null,
    ref: null,
    nested: [],
    keyword: {},
    callback: true
  },
  refSerialize: 'cb1e32b9cd073cd9f8f73e397973ca69'
}
[handleMsg]:  {
  key: {
    remoteJid: '573026676033@s.whatsapp.net',
    fromMe: false,
    id: '3BA13E61EE2DEA063AF78C09E7DED944',
    participant: undefined
  },
  messageTimestamp: 1726596592,
  pushName: 'Elver Tique',
  broadcast: false,
  message: Message {
    conversation: '7',
    messageContextInfo: MessageContextInfo {
      deviceListMetadata: [DeviceListMetadata],
      deviceListMetadataVersion: 2,
      messageSecret: [Uint8Array]
    }
  },
  body: '7',
  from: '573026676033'
}
